 0 4 0 0 0 0 0 0
 0 0 0 0 0 0 0 0
 0 0 0 0 0 0 0 0
 0 0 0 0 0 0 0 0
 0 0 0 0 0 0 0 0
 0 0 0 0 0 0 0 0
 0 0 0 0 0 0 0 0
 0 0 0 0 0 0 0 0


 4 4 0 0 0 0 0 0
 0 0 0 0 0 0 0 0
 0 0 0 0 0 0 0 0
 0 0 0 0 0 0 0 0
 0 0 0 0 0 0 0 0
 0 0 0 0 0 0 0 0
 0 0 0 0 0 0 0 0
 0 0 0 0 0 0 0 0


 4 4 0 4 0 0 0 0
 0 0 0 0 0 0 0 0
 0 0 0 0 0 0 0 0
 0 0 0 0 0 0 0 0
 0 0 0 0 0 0 0 0
 0 0 0 0 0 0 0 0
 0 0 0 0 0 0 0 0
 0 0 0 0 0 0 0 0


 4 4 0 4 0 4 0 0
 0 0 0 0 0 0 0 0
 0 0 0 0 0 0 0 0
 0 0 0 0 0 0 0 0
 0 0 0 0 0 0 0 0
 0 0 0 0 0 0 0 0
 0 0 0 0 0 0 0 0
 0 0 0 0 0 0 0 0


 4 4 0 4 4 4 4 0
 0 0 0 0 0 0 0 0
 0 0 0 0 0 0 0 0
 0 0 0 0 0 0 0 0
 0 0 0 0 0 0 0 0
 0 0 0 0 0 0 0 0
 0 0 0 0 0 0 0 0
 0 0 0 0 0 0 0 0


 4 4 0 4 4 4 4 4
 0 0 0 0 0 0 0 0
 0 0 0 0 0 0 0 0
 0 0 0 0 0 0 0 0
 0 0 0 0 0 0 0 0
 0 0 0 0 0 0 0 0
 0 0 0 0 0 0 0 0
 0 0 0 0 0 0 0 0


 4 4 0 4 4 4 4 4
 0 0 0 0 0 0 0 0
 0 0 0 0 0 0 0 0
 0 0 0 0 0 0 0 0
 0 0 0 0 0 0 0 0
 0 0 0 0 0 0 0 0
 0 0 0 0 0 0 0 0
 0 0 0 0 0 0 0 0


 4 4 0 4 4 4 4 4
 0 2 0 0 0 0 0 0
 0 2 0 0 0 0 0 0
 0 0 2 2 2 0 0 0
 0 2 0 0 0 0 0 0
 0 2 0 0 0 0 0 0
 0 0 0 0 0 0 0 0
 0 0 0 0 0 0 0 0


 4 4 2 4 4 4 4 4
 0 2 0 2 0 0 0 2
 0 2 0 0 2 0 2 0
 0 0 2 2 2 0 0 0
 0 2 0 0 2 0 2 0
 0 2 0 2 0 0 0 2
 0 0 0 0 0 0 0 0
 0 0 0 0 0 0 0 0


 4 4 2 4 4 4 4 4
 0 2 0 2 0 0 0 2
 0 2 0 0 2 0 2 0
 0 0 2 2 2 0 0 0
 0 2 0 0 2 0 2 0
 0 2 0 2 0 0 0 2
 0 0 0 0 0 0 0 0
 0 2 0 0 0 0 0 0


 4 4 2 4 4 4 4 4
 0 2 0 2 0 0 0 2
 0 2 0 0 2 0 2 0
 0 0 2 2 2 0 0 0
 0 2 0 0 2 0 2 0
 0 2 0 2 0 0 0 2
 0 0 0 0 0 0 0 0
 0 2 2 0 0 0 0 0


 4 4 2 4 4 4 4 4
 0 2 0 2 0 0 0 2
 0 2 0 0 2 0 2 0
 0 0 2 2 2 0 0 0
 0 2 0 0 2 0 2 0
 0 2 0 2 0 0 0 2
 0 0 0 0 0 0 0 0
 0 2 2 2 0 0 0 0


 4 4 2 4 4 4 4 4
 0 2 0 2 0 0 0 2
 0 2 0 0 2 0 2 0
 0 0 2 2 2 0 0 0
 0 2 0 0 2 0 2 0
 0 2 0 2 0 0 0 2
 0 0 0 0 0 0 0 0
 0 2 2 2 2 0 0 0


 4 4 2 4 4 4 4 4
 0 2 0 2 0 0 0 2
 0 2 0 0 2 0 2 0
 0 0 2 2 2 0 0 0
 0 2 0 0 2 0 2 0
 0 2 0 2 0 0 0 2
 0 0 0 0 0 0 0 0
 0 2 2 2 2 2 0 0


 4 4 2 4 4 4 4 4
 0 2 0 2 0 0 0 2
 0 2 0 0 2 0 2 0
 0 0 2 2 2 0 0 0
 0 2 0 0 2 0 2 0
 0 2 0 2 0 0 0 2
 0 0 0 0 0 0 0 0
 0 2 2 2 2 2 2 0


 4 4 2 4 4 4 4 4
 0 2 0 2 0 0 0 2
 0 2 0 0 2 0 2 0
 0 0 2 2 2 0 0 0
 0 2 0 0 2 0 2 0
 0 2 0 2 0 0 0 2
 0 0 0 0 0 0 0 0
 0 2 2 2 2 2 2 2


 4 4 2 4 4 4 4 4
 0 2 0 2 0 0 0 2
 0 2 0 0 2 0 2 0
 0 0 2 2 2 0 0 0
 0 2 0 0 2 0 2 0
 0 2 0 2 0 0 0 2
 0 0 0 0 0 0 0 0
 0 2 2 2 2 2 2 2


Game #1: black king is in check. 0 0 0 0 0 0 0 0
 0 0 0 0 0 0 0 0
 0 0 0 0 0 0 0 0
 0 0 0 0 0 0 0 0
 0 0 0 0 0 0 0 0
 0 0 0 0 0 0 0 0
 0 0 0 0 0 0 0 0
 0 0 0 0 0 0 0 0


 0 0 0 0 0 0 0 0
 0 0 0 0 0 0 0 0
 4 0 4 0 0 0 0 0
 0 0 0 0 0 0 0 0
 0 0 0 0 0 0 0 0
 0 0 0 0 0 0 0 0
 0 0 0 0 0 0 0 0
 0 0 0 0 0 0 0 0


 0 0 0 0 0 0 0 0
 0 0 0 0 0 0 0 0
 4 0 4 0 0 0 0 0
 0 0 0 0 0 0 0 0
 0 0 0 0 0 0 0 0
 0 0 0 0 0 0 0 0
 0 0 0 0 0 0 0 0
 0 0 0 0 0 0 0 0


 0 0 0 0 0 0 0 0
 0 0 0 0 0 0 0 0
 4 0 4 0 0 0 0 0
 0 0 0 0 0 0 0 0
 0 0 0 0 0 0 0 0
 0 0 0 0 0 0 0 0
 0 0 0 0 0 0 0 0
 0 0 0 0 0 0 0 0


 0 0 0 0 0 0 0 0
 0 0 0 0 0 0 0 0
 4 0 4 0 0 0 0 0
 0 0 0 0 0 0 0 0
 0 0 0 0 0 0 0 0
 0 0 0 0 0 0 0 0
 0 0 0 0 0 0 0 0
 0 0 0 0 0 0 0 0


 0 0 0 0 0 0 0 0
 0 0 0 0 0 0 0 0
 4 0 4 0 0 4 0 4
 0 0 0 0 0 0 0 0
 0 0 0 0 0 0 0 0
 0 0 0 0 0 0 0 0
 0 0 0 0 0 0 0 0
 0 0 0 0 0 0 0 0


 0 0 0 0 0 0 0 0
 0 0 0 0 0 0 0 0
 4 0 4 0 0 4 0 4
 0 0 0 0 0 0 0 0
 0 0 0 0 0 0 0 0
 0 0 0 0 0 0 0 0
 0 0 0 0 0 0 0 0
 0 0 0 0 0 0 0 0


 0 0 0 0 0 0 0 0
 0 0 0 0 0 0 0 0
 4 0 4 0 0 4 0 4
 0 0 0 0 0 0 0 0
 0 0 0 0 0 0 0 0
 0 0 0 0 0 0 0 0
 0 0 0 0 0 0 0 0
 0 0 0 0 0 0 0 0


 0 0 0 0 0 0 0 0
 0 0 0 0 0 0 0 0
 4 0 4 0 0 4 0 4
 0 0 0 0 0 0 0 0
 0 0 0 0 0 0 0 0
 0 0 0 0 0 0 0 0
 0 0 0 0 0 0 0 0
 0 0 0 0 0 0 0 0


 0 0 0 0 0 0 0 0
 0 0 0 0 0 0 0 0
 4 0 4 0 0 4 0 4
 0 0 0 0 0 0 0 0
 0 0 0 0 0 0 0 0
 0 0 0 0 0 0 0 0
 0 0 0 0 0 0 0 0
 0 0 0 0 0 0 0 0


 0 0 0 0 0 0 0 0
 0 0 0 0 0 0 0 0
 4 0 4 0 0 4 0 4
 0 0 0 0 0 0 0 0
 0 0 0 0 0 0 0 0
 0 0 0 0 0 0 0 0
 0 0 0 0 0 0 0 0
 0 0 0 0 0 0 0 0


 0 0 0 0 0 0 0 0
 0 0 0 0 0 0 0 0
 4 0 4 0 0 4 0 4
 0 0 0 0 0 0 0 0
 0 0 0 0 0 0 0 0
 0 0 0 0 0 0 0 0
 0 0 0 0 0 0 0 0
 0 0 0 0 0 0 0 0


 0 0 0 0 0 0 0 0
 0 0 0 0 0 0 0 0
 4 0 4 0 0 4 0 4
 0 0 0 0 0 0 0 0
 0 0 0 0 0 0 0 0
 0 0 0 0 0 0 0 0
 0 0 0 0 0 0 0 0
 0 0 0 0 0 0 0 0


 0 0 0 0 0 0 0 0
 0 0 0 0 0 0 0 0
 4 0 4 0 0 4 0 4
 0 0 0 0 0 0 0 0
 0 0 0 0 0 0 0 0
 0 0 0 0 0 0 0 0
 0 0 0 0 0 0 0 0
 0 0 0 0 0 0 0 0


 0 0 0 0 0 0 0 0
 0 0 0 0 0 0 0 0
 4 0 4 0 0 4 0 4
 0 0 0 0 0 0 0 0
 0 0 0 0 0 0 0 0
 0 0 0 0 0 0 0 0
 0 0 0 0 0 0 0 0
 0 0 0 0 0 0 0 0


 0 0 0 0 0 0 0 0
 0 0 0 0 0 0 0 0
 4 0 4 0 0 4 0 4
 0 0 0 0 0 0 0 0
 0 0 0 0 0 0 0 0
 0 0 0 0 0 0 0 0
 0 0 0 0 0 0 0 0
 0 0 0 0 0 0 0 0


 0 0 0 0 0 0 0 0
 0 0 0 0 0 0 0 0
 4 0 4 0 0 4 0 4
 0 0 0 0 0 0 0 0
 0 0 0 0 0 0 0 0
 0 0 0 0 0 0 0 0
 0 0 0 0 0 0 0 0
 0 0 0 0 0 0 0 0


 0 0 0 0 0 0 0 0
 0 0 0 0 0 0 0 0
 4 0 4 0 0 4 0 4
 0 0 0 0 0 0 0 0
 0 0 0 0 0 0 0 0
 0 0 0 0 0 0 0 0
 0 0 0 0 0 0 0 0
 0 0 0 0 0 0 0 0


 0 0 0 0 0 0 0 0
 0 0 0 0 0 0 0 0
 4 0 4 0 0 4 0 4
 0 0 0 0 0 0 0 0
 0 0 0 0 0 0 0 0
 0 0 0 0 0 0 0 0
 0 0 0 0 0 0 0 0
 0 0 0 0 0 0 0 0


 0 0 0 0 0 0 0 0
 0 0 0 0 0 0 0 0
 4 0 4 0 0 4 0 4
 0 0 0 0 0 0 0 0
 0 0 0 0 0 0 0 0
 0 0 0 0 0 0 0 0
 0 0 0 0 0 0 0 0
 0 0 0 0 0 0 0 0


 0 0 0 0 0 0 0 0
 0 0 0 0 0 0 0 0
 4 0 4 0 0 4 0 4
 0 0 0 0 0 0 0 0
 0 0 0 0 0 0 0 0
 0 0 0 0 0 0 0 0
 0 0 0 0 0 0 0 0
 0 0 0 0 0 0 0 0


 0 0 0 0 0 0 0 0
 0 0 0 0 0 0 0 0
 4 0 4 0 0 4 0 4
 0 0 0 0 0 0 0 0
 0 0 0 0 0 0 0 0
 0 0 0 0 0 0 0 0
 0 0 0 0 0 0 0 0
 0 0 0 0 0 0 0 0


 0 0 0 0 0 0 0 0
 0 0 0 0 0 0 0 0
 4 0 4 0 0 4 0 4
 0 0 0 0 0 0 0 0
 0 0 0 0 0 0 0 0
 0 0 0 0 0 0 0 0
 0 0 0 0 0 0 0 0
 0 0 0 0 0 0 0 0


 0 0 0 0 0 0 0 0
 0 0 0 0 0 0 0 0
 4 0 4 0 0 4 0 4
 0 0 0 0 0 0 0 0
 0 0 0 0 0 0 0 0
 0 0 0 0 0 0 0 0
 0 0 0 0 0 0 0 0
 0 0 0 0 0 0 0 0


 0 0 0 0 0 0 0 0
 0 0 0 0 0 0 0 0
 4 0 4 0 0 4 0 4
 0 0 0 0 0 0 0 0
 0 0 0 0 0 0 0 0
 2 0 2 0 0 0 0 0
 0 0 0 0 0 0 0 0
 0 0 0 0 0 0 0 0


 0 0 0 0 0 0 0 0
 0 0 0 0 0 0 0 0
 4 0 4 0 0 4 0 4
 0 0 0 0 0 0 0 0
 0 0 0 0 0 0 0 0
 2 0 2 0 0 0 0 0
 0 0 0 0 0 0 0 0
 0 0 0 0 0 0 0 0


 0 0 0 0 0 0 0 0
 0 0 0 0 0 0 0 0
 4 0 4 0 0 4 0 4
 0 0 0 0 0 0 0 0
 0 0 0 0 0 0 0 0
 2 0 2 0 0 0 0 0
 0 0 0 0 0 0 0 0
 0 0 0 0 0 0 0 0


 0 0 0 0 0 0 0 0
 0 0 0 0 0 0 0 0
 4 0 4 0 0 4 0 4
 0 0 0 0 0 0 0 0
 0 0 0 0 0 0 0 0
 2 0 2 0 0 0 0 0
 0 0 0 0 0 0 0 0
 0 0 0 0 0 0 0 0


 0 0 0 0 0 0 0 0
 0 0 0 0 0 0 0 0
 4 0 4 0 0 4 0 4
 0 0 0 0 0 0 0 0
 0 0 0 0 0 0 0 0
 2 0 2 0 0 2 0 2
 0 0 0 0 0 0 0 0
 0 0 0 0 0 0 0 0


 0 0 0 0 0 0 0 0
 0 0 0 0 0 0 0 0
 4 0 4 0 0 4 0 4
 0 0 0 0 0 0 0 0
 0 0 0 0 0 0 0 0
 2 0 2 0 0 2 0 2
 0 0 0 0 0 0 0 0
 0 0 0 0 0 0 0 0


Game #2: no king is in check. 0 0 0 0 0 0 0 0
 0 0 0 0 0 0 0 0
 0 0 0 0 0 0 0 0
 0 0 0 0 0 0 0 0
 0 0 0 0 0 0 0 0
 0 0 0 0 0 0 0 0
 0 0 0 0 0 0 0 0
 0 0 0 0 0 0 0 0


 0 0 0 0 0 0 0 0
 0 0 0 4 0 0 0 0
 4 0 4 0 0 0 0 0
 0 0 0 0 0 0 0 0
 0 0 0 0 0 0 0 0
 0 0 0 0 0 0 0 0
 0 0 0 0 0 0 0 0
 0 0 0 0 0 0 0 0


 0 0 0 0 0 0 0 0
 0 0 0 4 0 0 0 0
 4 0 4 0 0 0 0 0
 0 0 0 0 0 0 0 0
 0 0 0 0 0 0 0 0
 0 0 0 0 0 0 0 0
 0 0 0 0 0 0 0 0
 0 0 0 0 0 0 0 0


 0 0 0 0 0 0 0 0
 0 0 0 4 4 0 0 0
 4 0 4 4 0 4 0 0
 0 0 0 0 0 0 4 0
 0 0 0 0 0 0 0 4
 0 0 0 0 0 0 0 0
 0 0 0 0 0 0 0 0
 0 0 0 0 0 0 0 0


 0 0 0 0 0 0 0 0
 0 0 0 4 4 0 0 0
 4 0 4 4 0 4 0 4
 0 0 0 0 0 0 4 0
 0 0 0 0 0 0 0 4
 0 0 0 0 0 0 0 0
 0 0 0 0 0 0 0 0
 0 0 0 0 0 0 0 0


 0 0 0 0 0 0 0 0
 0 0 0 4 4 0 0 0
 4 0 4 4 0 4 0 4
 0 0 0 0 0 0 4 0
 0 0 0 0 0 0 0 4
 0 0 0 0 0 0 0 0
 0 0 0 0 0 0 0 0
 0 0 0 0 0 0 0 0


 0 0 0 0 0 0 0 0
 0 0 0 4 4 0 0 0
 4 0 4 4 0 4 0 4
 0 0 0 0 0 0 4 0
 0 0 0 0 0 0 0 4
 0 0 0 0 0 0 0 0
 0 0 0 0 0 0 0 0
 0 0 0 0 0 0 0 0


 0 0 0 0 0 0 0 0
 0 0 0 4 4 0 0 0
 4 0 4 4 0 4 0 4
 0 0 0 0 0 0 4 0
 0 0 0 0 0 0 0 4
 0 0 0 0 0 0 0 0
 0 0 0 0 0 0 0 0
 0 0 0 0 0 0 0 0


 0 0 0 0 0 0 0 0
 0 0 0 4 4 0 0 0
 4 0 4 4 0 4 0 4
 0 0 0 0 0 0 4 0
 0 0 0 0 0 0 0 4
 0 0 0 0 0 0 0 0
 0 0 0 0 0 0 0 0
 0 0 0 0 0 0 0 0


 0 0 0 0 0 0 0 0
 0 0 0 4 4 0 0 0
 4 0 4 4 0 4 0 4
 0 0 0 0 0 0 4 0
 0 0 0 0 0 0 0 4
 0 0 0 0 0 0 0 0
 0 0 0 0 0 0 0 0
 0 0 0 0 0 0 0 0


 0 0 0 0 0 4 0 0
 0 0 0 4 4 0 0 0
 4 0 4 4 0 4 0 4
 0 0 0 0 0 0 4 0
 0 0 0 0 0 0 0 4
 0 0 0 0 0 0 0 0
 0 0 0 0 0 0 0 0
 0 0 0 0 0 0 0 0


 0 0 0 0 0 4 0 0
 0 0 0 4 4 0 0 0
 4 0 4 4 0 4 0 4
 0 0 0 0 0 0 4 0
 0 0 0 0 0 0 0 4
 0 0 0 0 0 0 0 0
 0 0 0 0 0 0 0 0
 0 0 0 0 0 0 0 0


 0 0 0 0 0 4 0 0
 0 0 0 4 4 0 0 0
 4 0 4 4 0 4 0 4
 0 0 0 0 0 0 4 0
 0 0 0 0 0 0 0 4
 0 0 0 0 0 0 0 0
 0 0 0 0 0 0 0 0
 0 0 0 0 0 0 0 0


 0 0 0 0 0 4 0 0
 0 0 0 4 4 0 0 0
 4 0 4 4 0 4 0 4
 0 0 0 0 0 0 4 0
 0 0 0 0 0 0 0 4
 0 0 0 0 0 0 0 0
 0 0 0 0 0 0 0 0
 0 0 0 0 0 0 0 0


 0 0 0 0 0 4 0 0
 0 0 0 4 4 0 0 0
 4 0 4 4 0 4 0 4
 4 0 4 0 0 0 4 0
 0 0 0 0 0 0 0 4
 4 0 4 0 0 0 0 0
 0 0 0 4 0 0 0 0
 0 0 0 0 4 0 0 0


 0 0 0 0 0 4 0 0
 0 0 0 4 4 0 0 0
 4 0 4 4 0 4 0 4
 4 0 4 0 0 0 4 0
 0 0 0 0 0 0 0 4
 4 2 4 2 0 0 0 0
 0 0 0 4 0 0 0 0
 0 0 0 0 4 0 0 0


 0 0 0 0 0 4 0 0
 0 0 0 4 4 0 0 0
 4 0 4 4 0 4 0 4
 4 0 4 0 0 0 4 0
 0 0 0 0 0 0 0 4
 4 2 6 2 2 0 0 0
 0 0 0 4 0 0 0 0
 0 0 0 0 4 0 0 0


 0 0 0 0 0 4 0 0
 0 0 0 4 4 0 0 0
 4 0 4 4 0 4 0 4
 4 0 4 0 2 0 6 0
 0 0 0 0 0 0 0 6
 4 2 6 2 2 0 0 0
 0 0 0 6 0 0 0 0
 0 0 0 0 4 0 2 0


 0 0 0 0 0 4 0 0
 0 0 0 4 4 0 0 0
 4 0 4 4 0 4 0 4
 4 0 4 0 2 0 6 0
 0 0 0 0 0 0 0 6
 4 2 6 2 2 0 0 0
 0 0 0 6 0 0 0 0
 0 0 0 0 4 0 2 0


 0 0 0 0 0 4 0 0
 0 0 0 4 4 0 0 0
 4 0 4 4 0 4 0 4
 4 0 4 0 2 0 6 0
 0 0 0 0 0 0 0 6
 4 2 6 2 2 0 0 0
 0 0 0 6 0 0 0 0
 0 0 0 0 4 0 2 0


 0 0 0 0 0 4 0 0
 0 0 0 4 4 0 0 0
 4 0 4 4 0 4 0 4
 4 0 4 0 2 0 6 0
 0 0 0 0 0 0 0 6
 4 2 6 2 2 0 0 0
 0 0 0 6 0 0 0 0
 0 0 0 0 4 0 2 0


 0 0 0 0 0 4 0 0
 0 0 0 4 4 0 0 0
 4 0 4 4 0 4 0 4
 4 0 4 0 2 0 6 0
 0 0 0 0 0 0 0 6
 4 2 6 2 2 0 0 0
 0 0 0 6 0 0 0 0
 0 0 0 0 4 0 2 0


 0 0 0 0 0 4 0 0
 0 0 0 4 4 0 0 0
 4 0 4 4 0 4 0 4
 4 0 4 0 2 0 6 0
 0 0 0 0 0 0 0 6
 4 2 6 2 2 0 0 0
 0 0 0 6 0 0 0 0
 0 0 0 0 4 0 2 0


 0 0 0 0 0 4 0 0
 0 0 0 4 4 0 0 0
 4 0 4 4 0 4 0 4
 4 0 4 0 2 0 6 0
 0 0 0 0 0 0 0 6
 4 2 6 2 2 0 0 0
 0 0 0 6 0 0 0 0
 0 0 0 0 4 0 2 0


 0 0 0 0 0 4 0 0
 0 0 0 4 4 0 0 0
 4 0 4 4 0 4 0 4
 4 0 4 0 2 0 6 0
 0 0 0 0 0 0 0 6
 4 2 6 2 2 0 0 0
 0 0 0 6 0 0 0 0
 0 0 0 0 4 0 2 0


 0 0 0 0 0 4 0 0
 0 0 0 4 4 0 0 0
 4 0 4 4 0 4 0 4
 4 0 4 0 2 0 6 0
 0 0 0 0 0 0 0 6
 6 2 6 2 2 0 0 0
 0 0 0 6 0 0 0 0
 0 0 0 0 4 0 2 0


 0 0 0 0 0 4 0 0
 0 0 0 4 4 0 0 0
 4 0 4 4 0 4 0 6
 4 0 4 0 2 0 6 0
 0 0 0 0 0 2 0 6
 6 2 6 2 2 0 0 0
 0 0 0 6 0 0 0 0
 0 0 0 0 4 0 2 0


 0 0 0 0 0 4 0 0
 0 0 0 4 4 0 0 0
 4 0 4 4 0 4 0 6
 4 0 4 0 2 0 6 0
 2 0 0 0 0 2 0 6
 6 2 6 2 2 0 0 0
 0 0 2 6 0 0 0 0
 0 0 0 0 4 0 2 0


 0 0 0 0 0 4 0 0
 0 0 0 4 4 0 0 0
 4 0 4 4 0 4 0 6
 4 0 4 0 2 0 6 0
 2 0 0 0 0 2 0 6
 6 2 6 2 2 0 0 0
 0 0 2 6 0 0 0 0
 0 0 0 0 4 0 2 0


 0 0 0 0 0 4 0 0
 0 0 0 4 4 0 0 0
 4 0 4 4 0 4 0 6
 4 0 4 0 2 0 6 0
 2 0 0 0 0 2 0 6
 6 2 6 2 2 0 0 0
 0 0 2 6 0 0 0 0
 0 0 0 0 4 0 2 0


Game #3: white king is in check.