9 -> 1(a)
1 -> 1(a)
1 -> 1(a)
1 -> 1(a)
1 -> 1(a)
1 -> 1(a)
1 -> 1(a)
1 -> 1(a)
1 -> 1(a)
1 -> 1(a)
1 -> 1(a)
1 -> 1(a)
1 -> 1(a)
1 -> 1(a)
1 -> 1(a)
1 -> 1(a)
1 -> 1(a)
1 -> 1(a)
1 -> 1(a)
1 -> 1(a)
1 -> 1(a)
1 -> 1(a)
1 -> 1(a)
1 -> 1(a)
1 -> 1(a)
1 -> 1(a)
1 -> 1(a)
1 -> 1(a)
1 -> 1(a)
1 -> 1(a)
1 -> 1(a)
1 -> 1(a)
1 -> 1(a)
1 -> 1(a)
1 -> 1(a)
1 -> 1(a)
1 -> 1(a)
1 -> 1(a)
1 -> 1(a)
1 -> 1(a)
1 -> 1(a)
1 -> 1(a)
1 -> 1(a)
1 -> 1(a)
1 -> 1(a)
1 -> 1(a)
1 -> 1(a)
1 -> 1(a)
1 -> 1(a)
1 -> 1(a)
1 -> 2(b)
1 -> 0(c)
1 -> 9(d)
1 -> 0(e)
CC 1 1 = 1
1 -> 2(b)
2 -> 1(a)
2 -> 0(b)
2 -> 3(c)
2 -> 6(d)
2 -> 0(e)
CC 2 1 = 1
1 -> 0(c)
0 -> 1(a)
0 -> 0(b)
0 -> 0(c)
0 -> 9(d)
0 -> 0(e)
CC 0 1 = 1
1 -> 9(d)
9 -> 1(a)
9 -> 0(b)
9 -> 10(c)
9 -> 9(d)
9 -> 0(e)
CC 9 1 = 1
1 -> 0(e)
CC 1 2 = 0
1 -> 2(b)
2 -> 1(a)
2 -> 0(b)
2 -> 3(c)
3 -> 1(a)
3 -> 0(b)
3 -> 0(c)
3 -> 4(d)
3 -> 0(e)
CC 3 1 = 1
2 -> 6(d)
6 -> 1(a)
6 -> 0(b)
6 -> 7(c)
6 -> 9(d)
6 -> 0(e)
CC 6 1 = 1
2 -> 0(e)
CC 2 2 = 0
1 -> 0(c)
0 -> 1(a)
0 -> 0(b)
0 -> 0(c)
0 -> 9(d)
0 -> 0(e)
CC 0 2 = 0
1 -> 9(d)
9 -> 1(a)
9 -> 0(b)
9 -> 10(c)
10 -> 1(a)
10 -> 0(b)
10 -> 0(c)
10 -> 9(d)
10 -> 11(e)
CC 10 1 = 1
9 -> 9(d)
9 -> 0(e)
CC 9 2 = 0
1 -> 0(e)
CC 1 3 = 1
1 -> 2(b)
2 -> 1(a)
2 -> 0(b)
2 -> 3(c)
3 -> 1(a)
3 -> 0(b)
3 -> 0(c)
3 -> 4(d)
4 -> 1(a)
4 -> 0(b)
4 -> 10(c)
4 -> 9(d)
4 -> 5(e)
CC 4 1 = 1
3 -> 0(e)
CC 3 2 = 0
2 -> 6(d)
6 -> 1(a)
6 -> 0(b)
6 -> 7(c)
7 -> 1(a)
7 -> 0(b)
7 -> 0(c)
7 -> 9(d)
7 -> 8(e)
CC 7 1 = 1
6 -> 9(d)
6 -> 0(e)
CC 6 2 = 0
2 -> 0(e)
CC 2 3 = 1
1 -> 0(c)
0 -> 1(a)
0 -> 0(b)
0 -> 0(c)
0 -> 9(d)
0 -> 0(e)
CC 0 3 = 1
1 -> 9(d)
9 -> 1(a)
9 -> 0(b)
9 -> 10(c)
10 -> 1(a)
10 -> 0(b)
10 -> 0(c)
10 -> 9(d)
10 -> 11(e)
CC 10 2 = 2
9 -> 9(d)
9 -> 0(e)
CC 9 3 = 1
1 -> 0(e)
CC 1 4 = 0
1 -> 2(b)
2 -> 1(a)
2 -> 0(b)
2 -> 3(c)
3 -> 1(a)
3 -> 0(b)
3 -> 0(c)
3 -> 4(d)
4 -> 1(a)
4 -> 0(b)
4 -> 10(c)
4 -> 9(d)
4 -> 5(e)
CC 4 2 = 2
3 -> 0(e)
CC 3 3 = 1
2 -> 6(d)
6 -> 1(a)
6 -> 0(b)
6 -> 7(c)
7 -> 1(a)
7 -> 0(b)
7 -> 0(c)
7 -> 9(d)
7 -> 8(e)
CC 7 2 = 2
6 -> 9(d)
6 -> 0(e)
CC 6 3 = 1
2 -> 0(e)
CC 2 4 = 0
1 -> 0(c)
0 -> 1(a)
0 -> 0(b)
0 -> 0(c)
0 -> 9(d)
0 -> 0(e)
CC 0 4 = 0
1 -> 9(d)
9 -> 1(a)
9 -> 0(b)
9 -> 10(c)
10 -> 1(a)
10 -> 0(b)
10 -> 0(c)
10 -> 9(d)
10 -> 11(e)
CC 10 3 = 1
9 -> 9(d)
9 -> 0(e)
CC 9 4 = 0
1 -> 0(e)
CC 1 5 = 1
1 -> 2(b)
2 -> 1(a)
2 -> 0(b)
2 -> 3(c)
3 -> 1(a)
3 -> 0(b)
3 -> 0(c)
3 -> 4(d)
4 -> 1(a)
4 -> 0(b)
4 -> 10(c)
4 -> 9(d)
4 -> 5(e)
CC 4 3 = 1
3 -> 0(e)
CC 3 4 = 0
2 -> 6(d)
6 -> 1(a)
6 -> 0(b)
6 -> 7(c)
7 -> 1(a)
7 -> 0(b)
7 -> 0(c)
7 -> 9(d)
7 -> 8(e)
CC 7 3 = 1
6 -> 9(d)
6 -> 0(e)
CC 6 4 = 0
2 -> 0(e)
CC 2 5 = 1
1 -> 0(c)
0 -> 1(a)
0 -> 0(b)
0 -> 0(c)
0 -> 9(d)
0 -> 0(e)
CC 0 5 = 1
1 -> 9(d)
9 -> 1(a)
9 -> 0(b)
9 -> 10(c)
10 -> 1(a)
10 -> 0(b)
10 -> 0(c)
10 -> 9(d)
10 -> 11(e)
CC 10 4 = 2
9 -> 9(d)
9 -> 0(e)
CC 9 5 = 1
1 -> 0(e)
CC 1 6 = 0
1 -> 2(b)
2 -> 1(a)
2 -> 0(b)
2 -> 3(c)
3 -> 1(a)
3 -> 0(b)
3 -> 0(c)
3 -> 4(d)
4 -> 1(a)
4 -> 0(b)
4 -> 10(c)
4 -> 9(d)
4 -> 5(e)
CC 4 4 = 2
3 -> 0(e)
CC 3 5 = 1
2 -> 6(d)
6 -> 1(a)
6 -> 0(b)
6 -> 7(c)
7 -> 1(a)
7 -> 0(b)
7 -> 0(c)
7 -> 9(d)
7 -> 8(e)
CC 7 4 = 2
6 -> 9(d)
6 -> 0(e)
CC 6 5 = 1
2 -> 0(e)
CC 2 6 = 0
1 -> 0(c)
0 -> 1(a)
0 -> 0(b)
0 -> 0(c)
0 -> 9(d)
0 -> 0(e)
CC 0 6 = 0
1 -> 9(d)
9 -> 1(a)
9 -> 0(b)
9 -> 10(c)
10 -> 1(a)
10 -> 0(b)
10 -> 0(c)
10 -> 9(d)
10 -> 11(e)
CC 10 5 = 1
9 -> 9(d)
9 -> 0(e)
CC 9 6 = 0
1 -> 0(e)
CC 1 7 = 1
1 -> 2(b)
2 -> 1(a)
2 -> 0(b)
2 -> 3(c)
3 -> 1(a)
3 -> 0(b)
3 -> 0(c)
3 -> 4(d)
4 -> 1(a)
4 -> 0(b)
4 -> 10(c)
4 -> 9(d)
4 -> 5(e)
CC 4 5 = 1
3 -> 0(e)
CC 3 6 = 0
2 -> 6(d)
6 -> 1(a)
6 -> 0(b)
6 -> 7(c)
7 -> 1(a)
7 -> 0(b)
7 -> 0(c)
7 -> 9(d)
7 -> 8(e)
CC 7 5 = 1
6 -> 9(d)
6 -> 0(e)
CC 6 6 = 0
2 -> 0(e)
CC 2 7 = 1
1 -> 0(c)
0 -> 1(a)
0 -> 0(b)
0 -> 0(c)
0 -> 9(d)
0 -> 0(e)
CC 0 7 = 1
1 -> 9(d)
9 -> 1(a)
9 -> 0(b)
9 -> 10(c)
10 -> 1(a)
10 -> 0(b)
10 -> 0(c)
10 -> 9(d)
10 -> 11(e)
CC 10 6 = 2
9 -> 9(d)
9 -> 0(e)
CC 9 7 = 1
1 -> 0(e)
CC 1 8 = 0
1 -> 2(b)
2 -> 1(a)
2 -> 0(b)
2 -> 3(c)
3 -> 1(a)
3 -> 0(b)
3 -> 0(c)
3 -> 4(d)
4 -> 1(a)
4 -> 0(b)
4 -> 10(c)
4 -> 9(d)
4 -> 5(e)
CC 4 6 = 2
3 -> 0(e)
CC 3 7 = 1
2 -> 6(d)
6 -> 1(a)
6 -> 0(b)
6 -> 7(c)
7 -> 1(a)
7 -> 0(b)
7 -> 0(c)
7 -> 9(d)
7 -> 8(e)
CC 7 6 = 2
6 -> 9(d)
6 -> 0(e)
CC 6 7 = 1
2 -> 0(e)
CC 2 8 = 0
1 -> 0(c)
0 -> 1(a)
0 -> 0(b)
0 -> 0(c)
0 -> 9(d)
0 -> 0(e)
CC 0 8 = 0
1 -> 9(d)
9 -> 1(a)
9 -> 0(b)
9 -> 10(c)
10 -> 1(a)
10 -> 0(b)
10 -> 0(c)
10 -> 9(d)
10 -> 11(e)
CC 10 7 = 1
9 -> 9(d)
9 -> 0(e)
CC 9 8 = 0
1 -> 0(e)
CC 1 9 = 1
1 -> 2(b)
2 -> 1(a)
2 -> 0(b)
2 -> 3(c)
3 -> 1(a)
3 -> 0(b)
3 -> 0(c)
3 -> 4(d)
4 -> 1(a)
4 -> 0(b)
4 -> 10(c)
4 -> 9(d)
4 -> 5(e)
CC 4 7 = 1
3 -> 0(e)
CC 3 8 = 0
2 -> 6(d)
6 -> 1(a)
6 -> 0(b)
6 -> 7(c)
7 -> 1(a)
7 -> 0(b)
7 -> 0(c)
7 -> 9(d)
7 -> 8(e)
CC 7 7 = 1
6 -> 9(d)
6 -> 0(e)
CC 6 8 = 0
2 -> 0(e)
CC 2 9 = 1
1 -> 0(c)
0 -> 1(a)
0 -> 0(b)
0 -> 0(c)
0 -> 9(d)
0 -> 0(e)
CC 0 9 = 1
1 -> 9(d)
9 -> 1(a)
9 -> 0(b)
9 -> 10(c)
10 -> 1(a)
10 -> 0(b)
10 -> 0(c)
10 -> 9(d)
10 -> 11(e)
CC 10 8 = 2
9 -> 9(d)
9 -> 0(e)
CC 9 9 = 1
1 -> 0(e)
CC 1 10 = 0
1 -> 2(b)
2 -> 1(a)
2 -> 0(b)
2 -> 3(c)
3 -> 1(a)
3 -> 0(b)
3 -> 0(c)
3 -> 4(d)
4 -> 1(a)
4 -> 0(b)
4 -> 10(c)
4 -> 9(d)
4 -> 5(e)
CC 4 8 = 2
3 -> 0(e)
CC 3 9 = 1
2 -> 6(d)
6 -> 1(a)
6 -> 0(b)
6 -> 7(c)
7 -> 1(a)
7 -> 0(b)
7 -> 0(c)
7 -> 9(d)
7 -> 8(e)
CC 7 8 = 2
6 -> 9(d)
6 -> 0(e)
CC 6 9 = 1
2 -> 0(e)
CC 2 10 = 0
1 -> 0(c)
0 -> 1(a)
0 -> 0(b)
0 -> 0(c)
0 -> 9(d)
0 -> 0(e)
CC 0 10 = 0
1 -> 9(d)
9 -> 1(a)
9 -> 0(b)
9 -> 10(c)
10 -> 1(a)
10 -> 0(b)
10 -> 0(c)
10 -> 9(d)
10 -> 11(e)
CC 10 9 = 1
9 -> 9(d)
9 -> 0(e)
CC 9 10 = 0
1 -> 0(e)
CC 1 11 = 1
1 -> 2(b)
2 -> 1(a)
2 -> 0(b)
2 -> 3(c)
3 -> 1(a)
3 -> 0(b)
3 -> 0(c)
3 -> 4(d)
4 -> 1(a)
4 -> 0(b)
4 -> 10(c)
4 -> 9(d)
4 -> 5(e)
CC 4 9 = 1
3 -> 0(e)
CC 3 10 = 0
2 -> 6(d)
6 -> 1(a)
6 -> 0(b)
6 -> 7(c)
7 -> 1(a)
7 -> 0(b)
7 -> 0(c)
7 -> 9(d)
7 -> 8(e)
CC 7 9 = 1
6 -> 9(d)
6 -> 0(e)
CC 6 10 = 0
2 -> 0(e)
CC 2 11 = 1
1 -> 0(c)
0 -> 1(a)
0 -> 0(b)
0 -> 0(c)
0 -> 9(d)
0 -> 0(e)
CC 0 11 = 1
1 -> 9(d)
9 -> 1(a)
9 -> 0(b)
9 -> 10(c)
10 -> 1(a)
10 -> 0(b)
10 -> 0(c)
10 -> 9(d)
10 -> 11(e)
CC 10 10 = 2
9 -> 9(d)
9 -> 0(e)
CC 9 11 = 1
1 -> 0(e)
CC 1 12 = 0
1 -> 2(b)
2 -> 1(a)
2 -> 0(b)
2 -> 3(c)
3 -> 1(a)
3 -> 0(b)
3 -> 0(c)
3 -> 4(d)
4 -> 1(a)
4 -> 0(b)
4 -> 10(c)
4 -> 9(d)
4 -> 5(e)
CC 4 10 = 2
3 -> 0(e)
CC 3 11 = 1
2 -> 6(d)
6 -> 1(a)
6 -> 0(b)
6 -> 7(c)
7 -> 1(a)
7 -> 0(b)
7 -> 0(c)
7 -> 9(d)
7 -> 8(e)
CC 7 10 = 2
6 -> 9(d)
6 -> 0(e)
CC 6 11 = 1
2 -> 0(e)
CC 2 12 = 0
1 -> 0(c)
0 -> 1(a)
0 -> 0(b)
0 -> 0(c)
0 -> 9(d)
0 -> 0(e)
CC 0 12 = 0
1 -> 9(d)
9 -> 1(a)
9 -> 0(b)
9 -> 10(c)
10 -> 1(a)
10 -> 0(b)
10 -> 0(c)
10 -> 9(d)
10 -> 11(e)
CC 10 11 = 1
9 -> 9(d)
9 -> 0(e)
CC 9 12 = 0
1 -> 0(e)
CC 1 13 = 1
1 -> 2(b)
2 -> 1(a)
2 -> 0(b)
2 -> 3(c)
3 -> 1(a)
3 -> 0(b)
3 -> 0(c)
3 -> 4(d)
4 -> 1(a)
4 -> 0(b)
4 -> 10(c)
4 -> 9(d)
4 -> 5(e)
CC 4 11 = 1
3 -> 0(e)
CC 3 12 = 0
2 -> 6(d)
6 -> 1(a)
6 -> 0(b)
6 -> 7(c)
7 -> 1(a)
7 -> 0(b)
7 -> 0(c)
7 -> 9(d)
7 -> 8(e)
CC 7 11 = 1
6 -> 9(d)
6 -> 0(e)
CC 6 12 = 0
2 -> 0(e)
CC 2 13 = 1
1 -> 0(c)
0 -> 1(a)
0 -> 0(b)
0 -> 0(c)
0 -> 9(d)
0 -> 0(e)
CC 0 13 = 1
1 -> 9(d)
9 -> 1(a)
9 -> 0(b)
9 -> 10(c)
10 -> 1(a)
10 -> 0(b)
10 -> 0(c)
10 -> 9(d)
10 -> 11(e)
CC 10 12 = 2
9 -> 9(d)
9 -> 0(e)
CC 9 13 = 1
1 -> 0(e)
CC 1 14 = 0
1 -> 2(b)
2 -> 1(a)
2 -> 0(b)
2 -> 3(c)
3 -> 1(a)
3 -> 0(b)
3 -> 0(c)
3 -> 4(d)
4 -> 1(a)
4 -> 0(b)
4 -> 10(c)
4 -> 9(d)
4 -> 5(e)
CC 4 12 = 2
3 -> 0(e)
CC 3 13 = 1
2 -> 6(d)
6 -> 1(a)
6 -> 0(b)
6 -> 7(c)
7 -> 1(a)
7 -> 0(b)
7 -> 0(c)
7 -> 9(d)
7 -> 8(e)
CC 7 12 = 2
6 -> 9(d)
6 -> 0(e)
CC 6 13 = 1
2 -> 0(e)
CC 2 14 = 0
1 -> 0(c)
0 -> 1(a)
0 -> 0(b)
0 -> 0(c)
0 -> 9(d)
0 -> 0(e)
CC 0 14 = 0
1 -> 9(d)
9 -> 1(a)
9 -> 0(b)
9 -> 10(c)
10 -> 1(a)
10 -> 0(b)
10 -> 0(c)
10 -> 9(d)
10 -> 11(e)
CC 10 13 = 1
9 -> 9(d)
9 -> 0(e)
CC 9 14 = 0
1 -> 0(e)
CC 1 15 = 1
1 -> 2(b)
2 -> 1(a)
2 -> 0(b)
2 -> 3(c)
3 -> 1(a)
3 -> 0(b)
3 -> 0(c)
3 -> 4(d)
4 -> 1(a)
4 -> 0(b)
4 -> 10(c)
4 -> 9(d)
4 -> 5(e)
CC 4 13 = 1
3 -> 0(e)
CC 3 14 = 0
2 -> 6(d)
6 -> 1(a)
6 -> 0(b)
6 -> 7(c)
7 -> 1(a)
7 -> 0(b)
7 -> 0(c)
7 -> 9(d)
7 -> 8(e)
CC 7 13 = 1
6 -> 9(d)
6 -> 0(e)
CC 6 14 = 0
2 -> 0(e)
CC 2 15 = 1
1 -> 0(c)
0 -> 1(a)
0 -> 0(b)
0 -> 0(c)
0 -> 9(d)
0 -> 0(e)
CC 0 15 = 1
1 -> 9(d)
9 -> 1(a)
9 -> 0(b)
9 -> 10(c)
10 -> 1(a)
10 -> 0(b)
10 -> 0(c)
10 -> 9(d)
10 -> 11(e)
CC 10 14 = 2
9 -> 9(d)
9 -> 0(e)
CC 9 15 = 1
1 -> 0(e)
CC 1 16 = 0
1 -> 2(b)
2 -> 1(a)
2 -> 0(b)
2 -> 3(c)
3 -> 1(a)
3 -> 0(b)
3 -> 0(c)
3 -> 4(d)
4 -> 1(a)
4 -> 0(b)
4 -> 10(c)
4 -> 9(d)
4 -> 5(e)
CC 4 14 = 2
3 -> 0(e)
CC 3 15 = 1
2 -> 6(d)
6 -> 1(a)
6 -> 0(b)
6 -> 7(c)
7 -> 1(a)
7 -> 0(b)
7 -> 0(c)
7 -> 9(d)
7 -> 8(e)
CC 7 14 = 2
6 -> 9(d)
6 -> 0(e)
CC 6 15 = 1
2 -> 0(e)
CC 2 16 = 0
1 -> 0(c)
0 -> 1(a)
0 -> 0(b)
0 -> 0(c)
0 -> 9(d)
0 -> 0(e)
CC 0 16 = 0
1 -> 9(d)
9 -> 1(a)
9 -> 0(b)
9 -> 10(c)
10 -> 1(a)
10 -> 0(b)
10 -> 0(c)
10 -> 9(d)
10 -> 11(e)
CC 10 15 = 1
9 -> 9(d)
9 -> 0(e)
CC 9 16 = 0
1 -> 0(e)
CC 1 17 = 1
1 -> 2(b)
2 -> 1(a)
2 -> 0(b)
2 -> 3(c)
3 -> 1(a)
3 -> 0(b)
3 -> 0(c)
3 -> 4(d)
4 -> 1(a)
4 -> 0(b)
4 -> 10(c)
4 -> 9(d)
4 -> 5(e)
CC 4 15 = 1
3 -> 0(e)
CC 3 16 = 0
2 -> 6(d)
6 -> 1(a)
6 -> 0(b)
6 -> 7(c)
7 -> 1(a)
7 -> 0(b)
7 -> 0(c)
7 -> 9(d)
7 -> 8(e)
CC 7 15 = 1
6 -> 9(d)
6 -> 0(e)
CC 6 16 = 0
2 -> 0(e)
CC 2 17 = 1
1 -> 0(c)
0 -> 1(a)
0 -> 0(b)
0 -> 0(c)
0 -> 9(d)
0 -> 0(e)
CC 0 17 = 1
1 -> 9(d)
9 -> 1(a)
9 -> 0(b)
9 -> 10(c)
10 -> 1(a)
10 -> 0(b)
10 -> 0(c)
10 -> 9(d)
10 -> 11(e)
CC 10 16 = 2
9 -> 9(d)
9 -> 0(e)
CC 9 17 = 1
1 -> 0(e)
CC 1 18 = 0
1 -> 2(b)
2 -> 1(a)
2 -> 0(b)
2 -> 3(c)
3 -> 1(a)
3 -> 0(b)
3 -> 0(c)
3 -> 4(d)
4 -> 1(a)
4 -> 0(b)
4 -> 10(c)
4 -> 9(d)
4 -> 5(e)
CC 4 16 = 2
3 -> 0(e)
CC 3 17 = 1
2 -> 6(d)
6 -> 1(a)
6 -> 0(b)
6 -> 7(c)
7 -> 1(a)
7 -> 0(b)
7 -> 0(c)
7 -> 9(d)
7 -> 8(e)
CC 7 16 = 2
6 -> 9(d)
6 -> 0(e)
CC 6 17 = 1
2 -> 0(e)
CC 2 18 = 0
1 -> 0(c)
0 -> 1(a)
0 -> 0(b)
0 -> 0(c)
0 -> 9(d)
0 -> 0(e)
CC 0 18 = 0
1 -> 9(d)
9 -> 1(a)
9 -> 0(b)
9 -> 10(c)
10 -> 1(a)
10 -> 0(b)
10 -> 0(c)
10 -> 9(d)
10 -> 11(e)
CC 10 17 = 1
9 -> 9(d)
9 -> 0(e)
CC 9 18 = 0
1 -> 0(e)
CC 1 19 = 1
1 -> 2(b)
2 -> 1(a)
2 -> 0(b)
2 -> 3(c)
3 -> 1(a)
3 -> 0(b)
3 -> 0(c)
3 -> 4(d)
4 -> 1(a)
4 -> 0(b)
4 -> 10(c)
4 -> 9(d)
4 -> 5(e)
CC 4 17 = 1
3 -> 0(e)
CC 3 18 = 0
2 -> 6(d)
6 -> 1(a)
6 -> 0(b)
6 -> 7(c)
7 -> 1(a)
7 -> 0(b)
7 -> 0(c)
7 -> 9(d)
7 -> 8(e)
CC 7 17 = 1
6 -> 9(d)
6 -> 0(e)
CC 6 18 = 0
2 -> 0(e)
CC 2 19 = 1
1 -> 0(c)
0 -> 1(a)
0 -> 0(b)
0 -> 0(c)
0 -> 9(d)
0 -> 0(e)
CC 0 19 = 1
1 -> 9(d)
9 -> 1(a)
9 -> 0(b)
9 -> 10(c)
10 -> 1(a)
10 -> 0(b)
10 -> 0(c)
10 -> 9(d)
10 -> 11(e)
CC 10 18 = 2
9 -> 9(d)
9 -> 0(e)
CC 9 19 = 1
1 -> 0(e)
CC 1 20 = 0
1 -> 2(b)
2 -> 1(a)
2 -> 0(b)
2 -> 3(c)
3 -> 1(a)
3 -> 0(b)
3 -> 0(c)
3 -> 4(d)
4 -> 1(a)
4 -> 0(b)
4 -> 10(c)
4 -> 9(d)
4 -> 5(e)
CC 4 18 = 2
3 -> 0(e)
CC 3 19 = 1
2 -> 6(d)
6 -> 1(a)
6 -> 0(b)
6 -> 7(c)
7 -> 1(a)
7 -> 0(b)
7 -> 0(c)
7 -> 9(d)
7 -> 8(e)
CC 7 18 = 2
6 -> 9(d)
6 -> 0(e)
CC 6 19 = 1
2 -> 0(e)
CC 2 20 = 0
1 -> 0(c)
0 -> 1(a)
0 -> 0(b)
0 -> 0(c)
0 -> 9(d)
0 -> 0(e)
CC 0 20 = 0
1 -> 9(d)
9 -> 1(a)
9 -> 0(b)
9 -> 10(c)
10 -> 1(a)
10 -> 0(b)
10 -> 0(c)
10 -> 9(d)
10 -> 11(e)
CC 10 19 = 1
9 -> 9(d)
9 -> 0(e)
CC 9 20 = 0
1 -> 0(e)
CC 1 21 = 1
1 -> 2(b)
2 -> 1(a)
2 -> 0(b)
2 -> 3(c)
3 -> 1(a)
3 -> 0(b)
3 -> 0(c)
3 -> 4(d)
4 -> 1(a)
4 -> 0(b)
4 -> 10(c)
4 -> 9(d)
4 -> 5(e)
CC 4 19 = 1
3 -> 0(e)
CC 3 20 = 0
2 -> 6(d)
6 -> 1(a)
6 -> 0(b)
6 -> 7(c)
7 -> 1(a)
7 -> 0(b)
7 -> 0(c)
7 -> 9(d)
7 -> 8(e)
CC 7 19 = 1
6 -> 9(d)
6 -> 0(e)
CC 6 20 = 0
2 -> 0(e)
CC 2 21 = 1
1 -> 0(c)
0 -> 1(a)
0 -> 0(b)
0 -> 0(c)
0 -> 9(d)
0 -> 0(e)
CC 0 21 = 1
1 -> 9(d)
9 -> 1(a)
9 -> 0(b)
9 -> 10(c)
10 -> 1(a)
10 -> 0(b)
10 -> 0(c)
10 -> 9(d)
10 -> 11(e)
CC 10 20 = 2
9 -> 9(d)
9 -> 0(e)
CC 9 21 = 1
1 -> 0(e)
CC 1 22 = 0
1 -> 2(b)
2 -> 1(a)
2 -> 0(b)
2 -> 3(c)
3 -> 1(a)
3 -> 0(b)
3 -> 0(c)
3 -> 4(d)
4 -> 1(a)
4 -> 0(b)
4 -> 10(c)
4 -> 9(d)
4 -> 5(e)
CC 4 20 = 2
3 -> 0(e)
CC 3 21 = 1
2 -> 6(d)
6 -> 1(a)
6 -> 0(b)
6 -> 7(c)
7 -> 1(a)
7 -> 0(b)
7 -> 0(c)
7 -> 9(d)
7 -> 8(e)
CC 7 20 = 2
6 -> 9(d)
6 -> 0(e)
CC 6 21 = 1
2 -> 0(e)
CC 2 22 = 0
1 -> 0(c)
0 -> 1(a)
0 -> 0(b)
0 -> 0(c)
0 -> 9(d)
0 -> 0(e)
CC 0 22 = 0
1 -> 9(d)
9 -> 1(a)
9 -> 0(b)
9 -> 10(c)
10 -> 1(a)
10 -> 0(b)
10 -> 0(c)
10 -> 9(d)
10 -> 11(e)
CC 10 21 = 1
9 -> 9(d)
9 -> 0(e)
CC 9 22 = 0
1 -> 0(e)
CC 1 23 = 1
1 -> 2(b)
2 -> 1(a)
2 -> 0(b)
2 -> 3(c)
3 -> 1(a)
3 -> 0(b)
3 -> 0(c)
3 -> 4(d)
4 -> 1(a)
4 -> 0(b)
4 -> 10(c)
4 -> 9(d)
4 -> 5(e)
CC 4 21 = 1
3 -> 0(e)
CC 3 22 = 0
2 -> 6(d)
6 -> 1(a)
6 -> 0(b)
6 -> 7(c)
7 -> 1(a)
7 -> 0(b)
7 -> 0(c)
7 -> 9(d)
7 -> 8(e)
CC 7 21 = 1
6 -> 9(d)
6 -> 0(e)
CC 6 22 = 0
2 -> 0(e)
CC 2 23 = 1
1 -> 0(c)
0 -> 1(a)
0 -> 0(b)
0 -> 0(c)
0 -> 9(d)
0 -> 0(e)
CC 0 23 = 1
1 -> 9(d)
9 -> 1(a)
9 -> 0(b)
9 -> 10(c)
10 -> 1(a)
10 -> 0(b)
10 -> 0(c)
10 -> 9(d)
10 -> 11(e)
CC 10 22 = 2
9 -> 9(d)
9 -> 0(e)
CC 9 23 = 1
1 -> 0(e)
CC 1 24 = 0
1 -> 2(b)
2 -> 1(a)
2 -> 0(b)
2 -> 3(c)
3 -> 1(a)
3 -> 0(b)
3 -> 0(c)
3 -> 4(d)
4 -> 1(a)
4 -> 0(b)
4 -> 10(c)
4 -> 9(d)
4 -> 5(e)
CC 4 22 = 2
3 -> 0(e)
CC 3 23 = 1
2 -> 6(d)
6 -> 1(a)
6 -> 0(b)
6 -> 7(c)
7 -> 1(a)
7 -> 0(b)
7 -> 0(c)
7 -> 9(d)
7 -> 8(e)
CC 7 22 = 2
6 -> 9(d)
6 -> 0(e)
CC 6 23 = 1
2 -> 0(e)
CC 2 24 = 0
1 -> 0(c)
0 -> 1(a)
0 -> 0(b)
0 -> 0(c)
0 -> 9(d)
0 -> 0(e)
CC 0 24 = 0
1 -> 9(d)
9 -> 1(a)
9 -> 0(b)
9 -> 10(c)
10 -> 1(a)
10 -> 0(b)
10 -> 0(c)
10 -> 9(d)
10 -> 11(e)
CC 10 23 = 1
9 -> 9(d)
9 -> 0(e)
CC 9 24 = 0
1 -> 0(e)
CC 1 25 = 1
1 -> 2(b)
2 -> 1(a)
2 -> 0(b)
2 -> 3(c)
3 -> 1(a)
3 -> 0(b)
3 -> 0(c)
3 -> 4(d)
4 -> 1(a)
4 -> 0(b)
4 -> 10(c)
4 -> 9(d)
4 -> 5(e)
CC 4 23 = 1
3 -> 0(e)
CC 3 24 = 0
2 -> 6(d)
6 -> 1(a)
6 -> 0(b)
6 -> 7(c)
7 -> 1(a)
7 -> 0(b)
7 -> 0(c)
7 -> 9(d)
7 -> 8(e)
CC 7 23 = 1
6 -> 9(d)
6 -> 0(e)
CC 6 24 = 0
2 -> 0(e)
CC 2 25 = 1
1 -> 0(c)
0 -> 1(a)
0 -> 0(b)
0 -> 0(c)
0 -> 9(d)
0 -> 0(e)
CC 0 25 = 1
1 -> 9(d)
9 -> 1(a)
9 -> 0(b)
9 -> 10(c)
10 -> 1(a)
10 -> 0(b)
10 -> 0(c)
10 -> 9(d)
10 -> 11(e)
CC 10 24 = 2
9 -> 9(d)
9 -> 0(e)
CC 9 25 = 1
1 -> 0(e)
CC 1 26 = 0
1 -> 2(b)
2 -> 1(a)
2 -> 0(b)
2 -> 3(c)
3 -> 1(a)
3 -> 0(b)
3 -> 0(c)
3 -> 4(d)
4 -> 1(a)
4 -> 0(b)
4 -> 10(c)
4 -> 9(d)
4 -> 5(e)
CC 4 24 = 2
3 -> 0(e)
CC 3 25 = 1
2 -> 6(d)
6 -> 1(a)
6 -> 0(b)
6 -> 7(c)
7 -> 1(a)
7 -> 0(b)
7 -> 0(c)
7 -> 9(d)
7 -> 8(e)
CC 7 24 = 2
6 -> 9(d)
6 -> 0(e)
CC 6 25 = 1
2 -> 0(e)
CC 2 26 = 0
1 -> 0(c)
0 -> 1(a)
0 -> 0(b)
0 -> 0(c)
0 -> 9(d)
0 -> 0(e)
CC 0 26 = 0
1 -> 9(d)
9 -> 1(a)
9 -> 0(b)
9 -> 10(c)
10 -> 1(a)
10 -> 0(b)
10 -> 0(c)
10 -> 9(d)
10 -> 11(e)
CC 10 25 = 1
9 -> 9(d)
9 -> 0(e)
CC 9 26 = 0
1 -> 0(e)
CC 1 27 = 1
1 -> 2(b)
2 -> 1(a)
2 -> 0(b)
2 -> 3(c)
3 -> 1(a)
3 -> 0(b)
3 -> 0(c)
3 -> 4(d)
4 -> 1(a)
4 -> 0(b)
4 -> 10(c)
4 -> 9(d)
4 -> 5(e)
CC 4 25 = 1
3 -> 0(e)
CC 3 26 = 0
2 -> 6(d)
6 -> 1(a)
6 -> 0(b)
6 -> 7(c)
7 -> 1(a)
7 -> 0(b)
7 -> 0(c)
7 -> 9(d)
7 -> 8(e)
CC 7 25 = 1
6 -> 9(d)
6 -> 0(e)
CC 6 26 = 0
2 -> 0(e)
CC 2 27 = 1
1 -> 0(c)
0 -> 1(a)
0 -> 0(b)
0 -> 0(c)
0 -> 9(d)
0 -> 0(e)
CC 0 27 = 1
1 -> 9(d)
9 -> 1(a)
9 -> 0(b)
9 -> 10(c)
10 -> 1(a)
10 -> 0(b)
10 -> 0(c)
10 -> 9(d)
10 -> 11(e)
CC 10 26 = 2
9 -> 9(d)
9 -> 0(e)
CC 9 27 = 1
1 -> 0(e)
CC 1 28 = 0
1 -> 2(b)
2 -> 1(a)
2 -> 0(b)
2 -> 3(c)
3 -> 1(a)
3 -> 0(b)
3 -> 0(c)
3 -> 4(d)
4 -> 1(a)
4 -> 0(b)
4 -> 10(c)
4 -> 9(d)
4 -> 5(e)
CC 4 26 = 2
3 -> 0(e)
CC 3 27 = 1
2 -> 6(d)
6 -> 1(a)
6 -> 0(b)
6 -> 7(c)
7 -> 1(a)
7 -> 0(b)
7 -> 0(c)
7 -> 9(d)
7 -> 8(e)
CC 7 26 = 2
6 -> 9(d)
6 -> 0(e)
CC 6 27 = 1
2 -> 0(e)
CC 2 28 = 0
1 -> 0(c)
0 -> 1(a)
0 -> 0(b)
0 -> 0(c)
0 -> 9(d)
0 -> 0(e)
CC 0 28 = 0
1 -> 9(d)
9 -> 1(a)
9 -> 0(b)
9 -> 10(c)
10 -> 1(a)
10 -> 0(b)
10 -> 0(c)
10 -> 9(d)
10 -> 11(e)
CC 10 27 = 1
9 -> 9(d)
9 -> 0(e)
CC 9 28 = 0
1 -> 0(e)
CC 1 29 = 1
1 -> 2(b)
2 -> 1(a)
2 -> 0(b)
2 -> 3(c)
3 -> 1(a)
3 -> 0(b)
3 -> 0(c)
3 -> 4(d)
4 -> 1(a)
4 -> 0(b)
4 -> 10(c)
4 -> 9(d)
4 -> 5(e)
CC 4 27 = 1
3 -> 0(e)
CC 3 28 = 0
2 -> 6(d)
6 -> 1(a)
6 -> 0(b)
6 -> 7(c)
7 -> 1(a)
7 -> 0(b)
7 -> 0(c)
7 -> 9(d)
7 -> 8(e)
CC 7 27 = 1
6 -> 9(d)
6 -> 0(e)
CC 6 28 = 0
2 -> 0(e)
CC 2 29 = 1
1 -> 0(c)
0 -> 1(a)
0 -> 0(b)
0 -> 0(c)
0 -> 9(d)
0 -> 0(e)
CC 0 29 = 1
1 -> 9(d)
9 -> 1(a)
9 -> 0(b)
9 -> 10(c)
10 -> 1(a)
10 -> 0(b)
10 -> 0(c)
10 -> 9(d)
10 -> 11(e)
CC 10 28 = 2
9 -> 9(d)
9 -> 0(e)
CC 9 29 = 1
1 -> 0(e)
CC 1 30 = 0
1 -> 2(b)
2 -> 1(a)
2 -> 0(b)
2 -> 3(c)
3 -> 1(a)
3 -> 0(b)
3 -> 0(c)
3 -> 4(d)
4 -> 1(a)
4 -> 0(b)
4 -> 10(c)
4 -> 9(d)
4 -> 5(e)
CC 4 28 = 2
3 -> 0(e)
CC 3 29 = 1
2 -> 6(d)
6 -> 1(a)
6 -> 0(b)
6 -> 7(c)
7 -> 1(a)
7 -> 0(b)
7 -> 0(c)
7 -> 9(d)
7 -> 8(e)
CC 7 28 = 2
6 -> 9(d)
6 -> 0(e)
CC 6 29 = 1
2 -> 0(e)
CC 2 30 = 0
1 -> 0(c)
0 -> 1(a)
0 -> 0(b)
0 -> 0(c)
0 -> 9(d)
0 -> 0(e)
CC 0 30 = 0
1 -> 9(d)
9 -> 1(a)
9 -> 0(b)
9 -> 10(c)
10 -> 1(a)
10 -> 0(b)
10 -> 0(c)
10 -> 9(d)
10 -> 11(e)
CC 10 29 = 1
9 -> 9(d)
9 -> 0(e)
CC 9 30 = 0
1 -> 0(e)
CC 1 31 = 1
1 -> 2(b)
2 -> 1(a)
2 -> 0(b)
2 -> 3(c)
3 -> 1(a)
3 -> 0(b)
3 -> 0(c)
3 -> 4(d)
4 -> 1(a)
4 -> 0(b)
4 -> 10(c)
4 -> 9(d)
4 -> 5(e)
CC 4 29 = 1
3 -> 0(e)
CC 3 30 = 0
2 -> 6(d)
6 -> 1(a)
6 -> 0(b)
6 -> 7(c)
7 -> 1(a)
7 -> 0(b)
7 -> 0(c)
7 -> 9(d)
7 -> 8(e)
CC 7 29 = 1
6 -> 9(d)
6 -> 0(e)
CC 6 30 = 0
2 -> 0(e)
CC 2 31 = 1
1 -> 0(c)
0 -> 1(a)
0 -> 0(b)
0 -> 0(c)
0 -> 9(d)
0 -> 0(e)
CC 0 31 = 1
1 -> 9(d)
9 -> 1(a)
9 -> 0(b)
9 -> 10(c)
10 -> 1(a)
10 -> 0(b)
10 -> 0(c)
10 -> 9(d)
10 -> 11(e)
CC 10 30 = 2
9 -> 9(d)
9 -> 0(e)
CC 9 31 = 1
1 -> 0(e)
CC 1 32 = 0
1 -> 2(b)
2 -> 1(a)
2 -> 0(b)
2 -> 3(c)
3 -> 1(a)
3 -> 0(b)
3 -> 0(c)
3 -> 4(d)
4 -> 1(a)
4 -> 0(b)
4 -> 10(c)
4 -> 9(d)
4 -> 5(e)
CC 4 30 = 2
3 -> 0(e)
CC 3 31 = 1
2 -> 6(d)
6 -> 1(a)
6 -> 0(b)
6 -> 7(c)
7 -> 1(a)
7 -> 0(b)
7 -> 0(c)
7 -> 9(d)
7 -> 8(e)
CC 7 30 = 2
6 -> 9(d)
6 -> 0(e)
CC 6 31 = 1
2 -> 0(e)
CC 2 32 = 0
1 -> 0(c)
0 -> 1(a)
0 -> 0(b)
0 -> 0(c)
0 -> 9(d)
0 -> 0(e)
CC 0 32 = 0
1 -> 9(d)
9 -> 1(a)
9 -> 0(b)
9 -> 10(c)
10 -> 1(a)
10 -> 0(b)
10 -> 0(c)
10 -> 9(d)
10 -> 11(e)
CC 10 31 = 1
9 -> 9(d)
9 -> 0(e)
CC 9 32 = 0
1 -> 0(e)
CC 1 33 = 1
1 -> 2(b)
2 -> 1(a)
2 -> 0(b)
2 -> 3(c)
3 -> 1(a)
3 -> 0(b)
3 -> 0(c)
3 -> 4(d)
4 -> 1(a)
4 -> 0(b)
4 -> 10(c)
4 -> 9(d)
4 -> 5(e)
CC 4 31 = 1
3 -> 0(e)
CC 3 32 = 0
2 -> 6(d)
6 -> 1(a)
6 -> 0(b)
6 -> 7(c)
7 -> 1(a)
7 -> 0(b)
7 -> 0(c)
7 -> 9(d)
7 -> 8(e)
CC 7 31 = 1
6 -> 9(d)
6 -> 0(e)
CC 6 32 = 0
2 -> 0(e)
CC 2 33 = 1
1 -> 0(c)
0 -> 1(a)
0 -> 0(b)
0 -> 0(c)
0 -> 9(d)
0 -> 0(e)
CC 0 33 = 1
1 -> 9(d)
9 -> 1(a)
9 -> 0(b)
9 -> 10(c)
10 -> 1(a)
10 -> 0(b)
10 -> 0(c)
10 -> 9(d)
10 -> 11(e)
CC 10 32 = 2
9 -> 9(d)
9 -> 0(e)
CC 9 33 = 1
1 -> 0(e)
CC 1 34 = 0
1 -> 2(b)
2 -> 1(a)
2 -> 0(b)
2 -> 3(c)
3 -> 1(a)
3 -> 0(b)
3 -> 0(c)
3 -> 4(d)
4 -> 1(a)
4 -> 0(b)
4 -> 10(c)
4 -> 9(d)
4 -> 5(e)
CC 4 32 = 2
3 -> 0(e)
CC 3 33 = 1
2 -> 6(d)
6 -> 1(a)
6 -> 0(b)
6 -> 7(c)
7 -> 1(a)
7 -> 0(b)
7 -> 0(c)
7 -> 9(d)
7 -> 8(e)
CC 7 32 = 2
6 -> 9(d)
6 -> 0(e)
CC 6 33 = 1
2 -> 0(e)
CC 2 34 = 0
1 -> 0(c)
0 -> 1(a)
0 -> 0(b)
0 -> 0(c)
0 -> 9(d)
0 -> 0(e)
CC 0 34 = 0
1 -> 9(d)
9 -> 1(a)
9 -> 0(b)
9 -> 10(c)
10 -> 1(a)
10 -> 0(b)
10 -> 0(c)
10 -> 9(d)
10 -> 11(e)
CC 10 33 = 1
9 -> 9(d)
9 -> 0(e)
CC 9 34 = 0
1 -> 0(e)
CC 1 35 = 1
1 -> 2(b)
2 -> 1(a)
2 -> 0(b)
2 -> 3(c)
3 -> 1(a)
3 -> 0(b)
3 -> 0(c)
3 -> 4(d)
4 -> 1(a)
4 -> 0(b)
4 -> 10(c)
4 -> 9(d)
4 -> 5(e)
CC 4 33 = 1
3 -> 0(e)
CC 3 34 = 0
2 -> 6(d)
6 -> 1(a)
6 -> 0(b)
6 -> 7(c)
7 -> 1(a)
7 -> 0(b)
7 -> 0(c)
7 -> 9(d)
7 -> 8(e)
CC 7 33 = 1
6 -> 9(d)
6 -> 0(e)
CC 6 34 = 0
2 -> 0(e)
CC 2 35 = 1
1 -> 0(c)
0 -> 1(a)
0 -> 0(b)
0 -> 0(c)
0 -> 9(d)
0 -> 0(e)
CC 0 35 = 1
1 -> 9(d)
9 -> 1(a)
9 -> 0(b)
9 -> 10(c)
10 -> 1(a)
10 -> 0(b)
10 -> 0(c)
10 -> 9(d)
10 -> 11(e)
CC 10 34 = 2
9 -> 9(d)
9 -> 0(e)
CC 9 35 = 1
1 -> 0(e)
CC 1 36 = 0
1 -> 2(b)
2 -> 1(a)
2 -> 0(b)
2 -> 3(c)
3 -> 1(a)
3 -> 0(b)
3 -> 0(c)
3 -> 4(d)
4 -> 1(a)
4 -> 0(b)
4 -> 10(c)
4 -> 9(d)
4 -> 5(e)
CC 4 34 = 2
3 -> 0(e)
CC 3 35 = 1
2 -> 6(d)
6 -> 1(a)
6 -> 0(b)
6 -> 7(c)
7 -> 1(a)
7 -> 0(b)
7 -> 0(c)
7 -> 9(d)
7 -> 8(e)
CC 7 34 = 2
6 -> 9(d)
6 -> 0(e)
CC 6 35 = 1
2 -> 0(e)
CC 2 36 = 0
1 -> 0(c)
0 -> 1(a)
0 -> 0(b)
0 -> 0(c)
0 -> 9(d)
0 -> 0(e)
CC 0 36 = 0
1 -> 9(d)
9 -> 1(a)
9 -> 0(b)
9 -> 10(c)
10 -> 1(a)
10 -> 0(b)
10 -> 0(c)
10 -> 9(d)
10 -> 11(e)
CC 10 35 = 1
9 -> 9(d)
9 -> 0(e)
CC 9 36 = 0
1 -> 0(e)
CC 1 37 = 1
1 -> 2(b)
2 -> 1(a)
2 -> 0(b)
2 -> 3(c)
3 -> 1(a)
3 -> 0(b)
3 -> 0(c)
3 -> 4(d)
4 -> 1(a)
4 -> 0(b)
4 -> 10(c)
4 -> 9(d)
4 -> 5(e)
CC 4 35 = 1
3 -> 0(e)
CC 3 36 = 0
2 -> 6(d)
6 -> 1(a)
6 -> 0(b)
6 -> 7(c)
7 -> 1(a)
7 -> 0(b)
7 -> 0(c)
7 -> 9(d)
7 -> 8(e)
CC 7 35 = 1
6 -> 9(d)
6 -> 0(e)
CC 6 36 = 0
2 -> 0(e)
CC 2 37 = 1
1 -> 0(c)
0 -> 1(a)
0 -> 0(b)
0 -> 0(c)
0 -> 9(d)
0 -> 0(e)
CC 0 37 = 1
1 -> 9(d)
9 -> 1(a)
9 -> 0(b)
9 -> 10(c)
10 -> 1(a)
10 -> 0(b)
10 -> 0(c)
10 -> 9(d)
10 -> 11(e)
CC 10 36 = 2
9 -> 9(d)
9 -> 0(e)
CC 9 37 = 1
1 -> 0(e)
CC 1 38 = 0
1 -> 2(b)
2 -> 1(a)
2 -> 0(b)
2 -> 3(c)
3 -> 1(a)
3 -> 0(b)
3 -> 0(c)
3 -> 4(d)
4 -> 1(a)
4 -> 0(b)
4 -> 10(c)
4 -> 9(d)
4 -> 5(e)
CC 4 36 = 2
3 -> 0(e)
CC 3 37 = 1
2 -> 6(d)
6 -> 1(a)
6 -> 0(b)
6 -> 7(c)
7 -> 1(a)
7 -> 0(b)
7 -> 0(c)
7 -> 9(d)
7 -> 8(e)
CC 7 36 = 2
6 -> 9(d)
6 -> 0(e)
CC 6 37 = 1
2 -> 0(e)
CC 2 38 = 0
1 -> 0(c)
0 -> 1(a)
0 -> 0(b)
0 -> 0(c)
0 -> 9(d)
0 -> 0(e)
CC 0 38 = 0
1 -> 9(d)
9 -> 1(a)
9 -> 0(b)
9 -> 10(c)
10 -> 1(a)
10 -> 0(b)
10 -> 0(c)
10 -> 9(d)
10 -> 11(e)
CC 10 37 = 1
9 -> 9(d)
9 -> 0(e)
CC 9 38 = 0
1 -> 0(e)
CC 1 39 = 1
1 -> 2(b)
2 -> 1(a)
2 -> 0(b)
2 -> 3(c)
3 -> 1(a)
3 -> 0(b)
3 -> 0(c)
3 -> 4(d)
4 -> 1(a)
4 -> 0(b)
4 -> 10(c)
4 -> 9(d)
4 -> 5(e)
CC 4 37 = 1
3 -> 0(e)
CC 3 38 = 0
2 -> 6(d)
6 -> 1(a)
6 -> 0(b)
6 -> 7(c)
7 -> 1(a)
7 -> 0(b)
7 -> 0(c)
7 -> 9(d)
7 -> 8(e)
CC 7 37 = 1
6 -> 9(d)
6 -> 0(e)
CC 6 38 = 0
2 -> 0(e)
CC 2 39 = 1
1 -> 0(c)
0 -> 1(a)
0 -> 0(b)
0 -> 0(c)
0 -> 9(d)
0 -> 0(e)
CC 0 39 = 1
1 -> 9(d)
9 -> 1(a)
9 -> 0(b)
9 -> 10(c)
10 -> 1(a)
10 -> 0(b)
10 -> 0(c)
10 -> 9(d)
10 -> 11(e)
CC 10 38 = 2
9 -> 9(d)
9 -> 0(e)
CC 9 39 = 1
1 -> 0(e)
CC 1 40 = 0
1 -> 2(b)
2 -> 1(a)
2 -> 0(b)
2 -> 3(c)
3 -> 1(a)
3 -> 0(b)
3 -> 0(c)
3 -> 4(d)
4 -> 1(a)
4 -> 0(b)
4 -> 10(c)
4 -> 9(d)
4 -> 5(e)
CC 4 38 = 2
3 -> 0(e)
CC 3 39 = 1
2 -> 6(d)
6 -> 1(a)
6 -> 0(b)
6 -> 7(c)
7 -> 1(a)
7 -> 0(b)
7 -> 0(c)
7 -> 9(d)
7 -> 8(e)
CC 7 38 = 2
6 -> 9(d)
6 -> 0(e)
CC 6 39 = 1
2 -> 0(e)
CC 2 40 = 0
1 -> 0(c)
0 -> 1(a)
0 -> 0(b)
0 -> 0(c)
0 -> 9(d)
0 -> 0(e)
CC 0 40 = 0
1 -> 9(d)
9 -> 1(a)
9 -> 0(b)
9 -> 10(c)
10 -> 1(a)
10 -> 0(b)
10 -> 0(c)
10 -> 9(d)
10 -> 11(e)
CC 10 39 = 1
9 -> 9(d)
9 -> 0(e)
CC 9 40 = 0
1 -> 0(e)
CC 1 41 = 1
1 -> 2(b)
2 -> 1(a)
2 -> 0(b)
2 -> 3(c)
3 -> 1(a)
3 -> 0(b)
3 -> 0(c)
3 -> 4(d)
4 -> 1(a)
4 -> 0(b)
4 -> 10(c)
4 -> 9(d)
4 -> 5(e)
CC 4 39 = 1
3 -> 0(e)
CC 3 40 = 0
2 -> 6(d)
6 -> 1(a)
6 -> 0(b)
6 -> 7(c)
7 -> 1(a)
7 -> 0(b)
7 -> 0(c)
7 -> 9(d)
7 -> 8(e)
CC 7 39 = 1
6 -> 9(d)
6 -> 0(e)
CC 6 40 = 0
2 -> 0(e)
CC 2 41 = 1
1 -> 0(c)
0 -> 1(a)
0 -> 0(b)
0 -> 0(c)
0 -> 9(d)
0 -> 0(e)
CC 0 41 = 1
1 -> 9(d)
9 -> 1(a)
9 -> 0(b)
9 -> 10(c)
10 -> 1(a)
10 -> 0(b)
10 -> 0(c)
10 -> 9(d)
10 -> 11(e)
CC 10 40 = 2
9 -> 9(d)
9 -> 0(e)
CC 9 41 = 1
1 -> 0(e)
CC 1 42 = 0
1 -> 2(b)
2 -> 1(a)
2 -> 0(b)
2 -> 3(c)
3 -> 1(a)
3 -> 0(b)
3 -> 0(c)
3 -> 4(d)
4 -> 1(a)
4 -> 0(b)
4 -> 10(c)
4 -> 9(d)
4 -> 5(e)
CC 4 40 = 2
3 -> 0(e)
CC 3 41 = 1
2 -> 6(d)
6 -> 1(a)
6 -> 0(b)
6 -> 7(c)
7 -> 1(a)
7 -> 0(b)
7 -> 0(c)
7 -> 9(d)
7 -> 8(e)
CC 7 40 = 2
6 -> 9(d)
6 -> 0(e)
CC 6 41 = 1
2 -> 0(e)
CC 2 42 = 0
1 -> 0(c)
0 -> 1(a)
0 -> 0(b)
0 -> 0(c)
0 -> 9(d)
0 -> 0(e)
CC 0 42 = 0
1 -> 9(d)
9 -> 1(a)
9 -> 0(b)
9 -> 10(c)
10 -> 1(a)
10 -> 0(b)
10 -> 0(c)
10 -> 9(d)
10 -> 11(e)
CC 10 41 = 1
9 -> 9(d)
9 -> 0(e)
CC 9 42 = 0
1 -> 0(e)
CC 1 43 = 1
1 -> 2(b)
2 -> 1(a)
2 -> 0(b)
2 -> 3(c)
3 -> 1(a)
3 -> 0(b)
3 -> 0(c)
3 -> 4(d)
4 -> 1(a)
4 -> 0(b)
4 -> 10(c)
4 -> 9(d)
4 -> 5(e)
CC 4 41 = 1
3 -> 0(e)
CC 3 42 = 0
2 -> 6(d)
6 -> 1(a)
6 -> 0(b)
6 -> 7(c)
7 -> 1(a)
7 -> 0(b)
7 -> 0(c)
7 -> 9(d)
7 -> 8(e)
CC 7 41 = 1
6 -> 9(d)
6 -> 0(e)
CC 6 42 = 0
2 -> 0(e)
CC 2 43 = 1
1 -> 0(c)
0 -> 1(a)
0 -> 0(b)
0 -> 0(c)
0 -> 9(d)
0 -> 0(e)
CC 0 43 = 1
1 -> 9(d)
9 -> 1(a)
9 -> 0(b)
9 -> 10(c)
10 -> 1(a)
10 -> 0(b)
10 -> 0(c)
10 -> 9(d)
10 -> 11(e)
CC 10 42 = 2
9 -> 9(d)
9 -> 0(e)
CC 9 43 = 1
1 -> 0(e)
CC 1 44 = 0
1 -> 2(b)
2 -> 1(a)
2 -> 0(b)
2 -> 3(c)
3 -> 1(a)
3 -> 0(b)
3 -> 0(c)
3 -> 4(d)
4 -> 1(a)
4 -> 0(b)
4 -> 10(c)
4 -> 9(d)
4 -> 5(e)
CC 4 42 = 2
3 -> 0(e)
CC 3 43 = 1
2 -> 6(d)
6 -> 1(a)
6 -> 0(b)
6 -> 7(c)
7 -> 1(a)
7 -> 0(b)
7 -> 0(c)
7 -> 9(d)
7 -> 8(e)
CC 7 42 = 2
6 -> 9(d)
6 -> 0(e)
CC 6 43 = 1
2 -> 0(e)
CC 2 44 = 0
1 -> 0(c)
0 -> 1(a)
0 -> 0(b)
0 -> 0(c)
0 -> 9(d)
0 -> 0(e)
CC 0 44 = 0
1 -> 9(d)
9 -> 1(a)
9 -> 0(b)
9 -> 10(c)
10 -> 1(a)
10 -> 0(b)
10 -> 0(c)
10 -> 9(d)
10 -> 11(e)
CC 10 43 = 1
9 -> 9(d)
9 -> 0(e)
CC 9 44 = 0
1 -> 0(e)
CC 1 45 = 1
1 -> 2(b)
2 -> 1(a)
2 -> 0(b)
2 -> 3(c)
3 -> 1(a)
3 -> 0(b)
3 -> 0(c)
3 -> 4(d)
4 -> 1(a)
4 -> 0(b)
4 -> 10(c)
4 -> 9(d)
4 -> 5(e)
CC 4 43 = 1
3 -> 0(e)
CC 3 44 = 0
2 -> 6(d)
6 -> 1(a)
6 -> 0(b)
6 -> 7(c)
7 -> 1(a)
7 -> 0(b)
7 -> 0(c)
7 -> 9(d)
7 -> 8(e)
CC 7 43 = 1
6 -> 9(d)
6 -> 0(e)
CC 6 44 = 0
2 -> 0(e)
CC 2 45 = 1
1 -> 0(c)
0 -> 1(a)
0 -> 0(b)
0 -> 0(c)
0 -> 9(d)
0 -> 0(e)
CC 0 45 = 1
1 -> 9(d)
9 -> 1(a)
9 -> 0(b)
9 -> 10(c)
10 -> 1(a)
10 -> 0(b)
10 -> 0(c)
10 -> 9(d)
10 -> 11(e)
CC 10 44 = 2
9 -> 9(d)
9 -> 0(e)
CC 9 45 = 1
1 -> 0(e)
CC 1 46 = 0
1 -> 2(b)
2 -> 1(a)
2 -> 0(b)
2 -> 3(c)
3 -> 1(a)
3 -> 0(b)
3 -> 0(c)
3 -> 4(d)
4 -> 1(a)
4 -> 0(b)
4 -> 10(c)
4 -> 9(d)
4 -> 5(e)
CC 4 44 = 2
3 -> 0(e)
CC 3 45 = 1
2 -> 6(d)
6 -> 1(a)
6 -> 0(b)
6 -> 7(c)
7 -> 1(a)
7 -> 0(b)
7 -> 0(c)
7 -> 9(d)
7 -> 8(e)
CC 7 44 = 2
6 -> 9(d)
6 -> 0(e)
CC 6 45 = 1
2 -> 0(e)
CC 2 46 = 0
1 -> 0(c)
0 -> 1(a)
0 -> 0(b)
0 -> 0(c)
0 -> 9(d)
0 -> 0(e)
CC 0 46 = 0
1 -> 9(d)
9 -> 1(a)
9 -> 0(b)
9 -> 10(c)
10 -> 1(a)
10 -> 0(b)
10 -> 0(c)
10 -> 9(d)
10 -> 11(e)
CC 10 45 = 1
9 -> 9(d)
9 -> 0(e)
CC 9 46 = 0
1 -> 0(e)
CC 1 47 = 1
1 -> 2(b)
2 -> 1(a)
2 -> 0(b)
2 -> 3(c)
3 -> 1(a)
3 -> 0(b)
3 -> 0(c)
3 -> 4(d)
4 -> 1(a)
4 -> 0(b)
4 -> 10(c)
4 -> 9(d)
4 -> 5(e)
CC 4 45 = 1
3 -> 0(e)
CC 3 46 = 0
2 -> 6(d)
6 -> 1(a)
6 -> 0(b)
6 -> 7(c)
7 -> 1(a)
7 -> 0(b)
7 -> 0(c)
7 -> 9(d)
7 -> 8(e)
CC 7 45 = 1
6 -> 9(d)
6 -> 0(e)
CC 6 46 = 0
2 -> 0(e)
CC 2 47 = 1
1 -> 0(c)
0 -> 1(a)
0 -> 0(b)
0 -> 0(c)
0 -> 9(d)
0 -> 0(e)
CC 0 47 = 1
1 -> 9(d)
9 -> 1(a)
9 -> 0(b)
9 -> 10(c)
10 -> 1(a)
10 -> 0(b)
10 -> 0(c)
10 -> 9(d)
10 -> 11(e)
CC 10 46 = 2
9 -> 9(d)
9 -> 0(e)
CC 9 47 = 1
1 -> 0(e)
CC 1 48 = 0
1 -> 2(b)
2 -> 1(a)
2 -> 0(b)
2 -> 3(c)
3 -> 1(a)
3 -> 0(b)
3 -> 0(c)
3 -> 4(d)
4 -> 1(a)
4 -> 0(b)
4 -> 10(c)
4 -> 9(d)
4 -> 5(e)
CC 4 46 = 2
3 -> 0(e)
CC 3 47 = 1
2 -> 6(d)
6 -> 1(a)
6 -> 0(b)
6 -> 7(c)
7 -> 1(a)
7 -> 0(b)
7 -> 0(c)
7 -> 9(d)
7 -> 8(e)
CC 7 46 = 2
6 -> 9(d)
6 -> 0(e)
CC 6 47 = 1
2 -> 0(e)
CC 2 48 = 0
1 -> 0(c)
0 -> 1(a)
0 -> 0(b)
0 -> 0(c)
0 -> 9(d)
0 -> 0(e)
CC 0 48 = 0
1 -> 9(d)
9 -> 1(a)
9 -> 0(b)
9 -> 10(c)
10 -> 1(a)
10 -> 0(b)
10 -> 0(c)
10 -> 9(d)
10 -> 11(e)
CC 10 47 = 1
9 -> 9(d)
9 -> 0(e)
CC 9 48 = 0
1 -> 0(e)
CC 1 49 = 1
9 -> 0(b)
0 -> 1(a)
0 -> 0(b)
0 -> 0(c)
0 -> 9(d)
0 -> 0(e)
CC 0 49 = 1
9 -> 10(c)
10 -> 1(a)
10 -> 0(b)
10 -> 0(c)
10 -> 9(d)
10 -> 11(e)
CC 10 49 = 1
9 -> 9(d)
9 -> 1(a)
9 -> 0(b)
9 -> 10(c)
10 -> 1(a)
10 -> 0(b)
10 -> 0(c)
10 -> 9(d)
10 -> 11(e)
CC 10 48 = 2
9 -> 9(d)
9 -> 0(e)
CC 9 49 = 1
9 -> 0(e)
CC 9 50 = 0
Daenerys
