setor 0|350 1 = 350
setor 1|350 351 = 700
setor 2|350 701 = 1050
setor 3|350 1051 = 1400
setor 4|350 1401 = 1750
setor 5|350 1751 = 2100
setor 6|350 2101 = 2450
setor 7|350 2451 = 2800
setor 8|350 2801 = 3150
setor 9|350 3151 = 3500
setor 10|350 3501 = 3850
setor 11|350 3851 = 4200
setor 12|350 4201 = 4550
setor 13|350 4551 = 4900
setor 14|350 4901 = 5250
setor 15|350 5251 = 5600
setor 16|350 5601 = 5950
setor 17|350 5951 = 6300
setor 18|350 6301 = 6650
setor 19|350 6651 = 7000
setor 20|350 7001 = 7350
setor 21|350 7351 = 7700
setor 22|350 7701 = 8050
setor 23|350 8051 = 8400
setor 24|350 8401 = 8750
setor 25|350 8751 = 9100
setor 26|350 9101 = 9450
setor 27|350 9451 = 9800
setor 28|350 9801 = 10150
setor 29|350 10151 = 10500
setor 30|350 10501 = 10850
setor 31|350 10851 = 11200
setor 32|350 11201 = 11550
setor 33|350 11551 = 11900
setor 34|350 11901 = 12250
setor 35|350 12251 = 12600
setor 36|350 12601 = 12950
setor 37|350 12951 = 13300
setor 38|350 13301 = 13650
setor 39|350 13651 = 14000
setor 40|350 14001 = 14350
setor 41|350 14351 = 14700
setor 42|350 14701 = 15050
setor 43|350 15051 = 15400
setor 44|350 15401 = 15750
setor 45|350 15751 = 16100
setor 46|350 16101 = 16450
setor 47|350 16451 = 16800
setor 48|350 16801 = 17150
setor 49|350 17151 = 17500
setor 50|350 17501 = 17850
setor 51|350 17851 = 18200
setor 52|350 18201 = 18550
setor 53|350 18551 = 18900
setor 54|350 18901 = 19250
setor 55|350 19251 = 19600
setor 56|350 19601 = 19950
setor 57|350 19951 = 20300
setor 58|350 20301 = 20650
setor 59|350 20651 = 21000
setor 60|350 21001 = 21350
setor 61|350 21351 = 21700
setor 62|350 21701 = 22050
setor 63|350 22051 = 22400
setor 64|350 22401 = 22750
setor 65|350 22751 = 23100
setor 66|350 23101 = 23450
setor 67|350 23451 = 23800
setor 68|350 23801 = 24150
setor 69|350 24151 = 24500
setor 70|350 24501 = 24850
setor 71|350 24851 = 25200
setor 72|350 25201 = 25550
setor 73|350 25551 = 25900
setor 74|350 25901 = 26250
setor 75|350 26251 = 26600
setor 76|350 26601 = 26950
setor 77|350 26951 = 27300
setor 78|350 27301 = 27650
setor 79|350 27651 = 28000
setor 80|350 28001 = 28350
setor 81|350 28351 = 28700
setor 82|350 28701 = 29050
setor 83|350 29051 = 29400
setor 84|350 29401 = 29750
setor 85|350 29751 = 30100
setor 86|350 30101 = 30450
setor 87|350 30451 = 30800
setor 88|350 30801 = 31150
setor 89|350 31151 = 31500
setor 90|350 31501 = 31850
setor 91|350 31851 = 32200
setor 92|350 32201 = 32550
setor 93|350 32551 = 32900
setor 94|350 32901 = 33250
setor 95|350 33251 = 33600
setor 96|350 33601 = 33950
setor 97|350 33951 = 34300
setor 98|350 34301 = 34650
setor 99|350 34651 = 35000
setor 100|350 35001 = 35350
setor 101|350 35351 = 35700
setor 102|350 35701 = 36050
setor 103|350 36051 = 36400
setor 104|350 36401 = 36750
setor 105|350 36751 = 37100
setor 106|350 37101 = 37450
setor 107|350 37451 = 37800
setor 108|350 37801 = 38150
setor 109|350 38151 = 38500
setor 110|350 38501 = 38850
setor 111|350 38851 = 39200
setor 112|350 39201 = 39550
setor 113|350 39551 = 39900
setor 114|350 39901 = 40250
setor 115|350 40251 = 40600
setor 116|350 40601 = 40950
setor 117|350 40951 = 41300
setor 118|350 41301 = 41650
setor 119|350 41651 = 42000
setor 120|350 42001 = 42350
setor 121|350 42351 = 42700
setor 122|350 42701 = 43050
setor 123|350 43051 = 43400
setor 124|350 43401 = 43750
setor 125|350 43751 = 44100
setor 126|350 44101 = 44450
setor 127|350 44451 = 44800
setor 128|350 44801 = 45150
setor 129|350 45151 = 45500
setor 130|350 45501 = 45850
setor 131|350 45851 = 46200
setor 132|350 46201 = 46550
setor 133|350 46551 = 46900
setor 134|350 46901 = 47250
setor 135|350 47251 = 47600
setor 136|350 47601 = 47950
setor 137|350 47951 = 48300
setor 138|350 48301 = 48650
setor 139|350 48651 = 49000
setor 140|350 49001 = 49350
setor 141|300 49701 = 50000
res
298
setor 0|350 1 = 350
setor 1|350 351 = 700
setor 2|350 701 = 1050
setor 3|350 1051 = 1400
setor 4|350 1401 = 1750
setor 5|350 1751 = 2100
setor 6|350 2101 = 2450
setor 7|350 2451 = 2800
setor 8|350 2801 = 3150
setor 9|350 3151 = 3500
setor 10|350 3501 = 3850
setor 11|350 3851 = 4200
setor 12|350 4201 = 4550
setor 13|350 4551 = 4900
setor 14|350 4901 = 5250
setor 15|350 5251 = 5600
setor 16|350 5601 = 5950
setor 17|350 5951 = 6300
setor 18|350 6301 = 6650
setor 19|350 6651 = 7000
setor 20|350 7001 = 7350
setor 21|350 7351 = 7700
setor 22|350 7701 = 8050
setor 23|350 8051 = 8400
setor 24|350 8401 = 8750
setor 25|350 8751 = 9100
setor 26|350 9101 = 9450
setor 27|350 9451 = 9800
setor 28|350 9801 = 10150
setor 29|350 10151 = 10500
setor 30|350 10501 = 10850
setor 31|350 10851 = 11200
setor 32|350 11201 = 11550
setor 33|350 11551 = 11900
setor 34|350 11901 = 12250
setor 35|350 12251 = 12600
setor 36|350 12601 = 12950
setor 37|350 12951 = 13300
setor 38|350 13301 = 13650
setor 39|350 13651 = 14000
setor 40|350 14001 = 14350
setor 41|350 14351 = 14700
setor 42|350 14701 = 15050
setor 43|350 15051 = 15400
setor 44|350 15401 = 15750
setor 45|350 15751 = 16100
setor 46|350 16101 = 16450
setor 47|350 16451 = 16800
setor 48|350 16801 = 17150
setor 49|350 17151 = 17500
setor 50|350 17501 = 17850
setor 51|350 17851 = 18200
setor 52|350 18201 = 18550
setor 53|350 18551 = 18900
setor 54|350 18901 = 19250
setor 55|350 19251 = 19600
setor 56|350 19601 = 19950
setor 57|350 19951 = 20300
setor 58|350 20301 = 20650
setor 59|350 20651 = 21000
setor 60|350 21001 = 21350
setor 61|350 21351 = 21700
setor 62|350 21701 = 22050
setor 63|350 22051 = 22400
setor 64|350 22401 = 22750
setor 65|350 22751 = 23100
setor 66|350 23101 = 23450
setor 67|350 23451 = 23800
setor 68|350 23801 = 24150
setor 69|350 24151 = 24500
setor 70|350 24501 = 24850
setor 71|350 24851 = 25200
setor 72|350 25201 = 25550
setor 73|350 25551 = 25900
setor 74|350 25901 = 26250
setor 75|350 26251 = 26600
setor 76|350 26601 = 26950
setor 77|350 26951 = 27300
setor 78|350 27301 = 27650
setor 79|350 27651 = 28000
setor 80|350 28001 = 28350
setor 81|350 28351 = 28700
setor 82|350 28701 = 29050
setor 83|350 29051 = 29400
setor 84|350 29401 = 29750
setor 85|350 29751 = 30100
setor 86|350 30101 = 30450
setor 87|350 30451 = 30800
setor 88|350 30801 = 31150
setor 89|350 31151 = 31500
setor 90|350 31501 = 31850
setor 91|350 31851 = 32200
setor 92|350 32201 = 32550
setor 93|350 32551 = 32900
setor 94|350 32901 = 33250
setor 95|350 33251 = 33600
setor 96|350 33601 = 33950
setor 97|350 33951 = 34300
setor 98|350 34301 = 34650
setor 99|350 34651 = 35000
setor 100|350 35001 = 35350
setor 101|350 35351 = 35700
setor 102|350 35701 = 36050
setor 103|350 36051 = 36400
setor 104|350 36401 = 36750
setor 105|350 36751 = 37100
setor 106|350 37101 = 37450
setor 107|350 37451 = 37800
setor 108|350 37801 = 38150
setor 109|350 38151 = 38500
setor 110|350 38501 = 38850
setor 111|350 38851 = 39200
setor 112|350 39201 = 39550
setor 113|350 39551 = 39900
setor 114|350 39901 = 40250
setor 115|350 40251 = 40600
setor 116|350 40601 = 40950
setor 117|350 40951 = 41300
setor 118|350 41301 = 41650
setor 119|350 41651 = 42000
setor 120|350 42001 = 42350
setor 121|350 42351 = 42700
setor 122|350 42701 = 43050
setor 123|350 43051 = 43400
setor 124|350 43401 = 43750
setor 125|350 43751 = 44100
setor 126|350 44101 = 44450
setor 127|350 44451 = 44800
setor 128|350 44801 = 45150
setor 129|350 45151 = 45500
setor 130|350 45501 = 45850
setor 131|350 45851 = 46200
setor 132|350 46201 = 46550
setor 133|350 46551 = 46900
setor 134|350 46901 = 47250
setor 135|350 47251 = 47600
setor 136|350 47601 = 47950
setor 137|350 47951 = 48300
setor 138|350 48301 = 48650
setor 139|350 48651 = 49000
setor 140|350 49001 = 49350
setor 141|350 49701 = 49400
setor 142|300 49401 = 49700
res
648
